[2016-05-24 09:48:18] START
[2016-05-24 09:53:36] EDIT newapp/models/db.py: -3
[2016-05-24 10:08:53] EDIT newapp/models/db.py: 14
[2016-05-24 10:09:14] EDIT newapp/models/db.py: 0
[2016-05-24 10:09:47] EDIT newapp/models/db.py: 0
[2016-05-24 10:11:20] EDIT newapp/models/db.py: 0
[2016-05-24 10:14:33] EDIT newapp/models/db.py: 0
[2016-05-24 10:39:37] EDIT newapp/models/db.py: 0
[2016-05-24 10:42:56] EDIT newapp/models/db.py: 0
[2016-05-24 10:42:59] EDIT newapp/models/db.py: 0
[2016-05-24 10:43:29] EDIT newapp/models/db.py: 0
[2016-05-24 10:43:29] EDIT newapp/models/db.py: 0
[2016-05-24 10:43:29] EDIT newapp/models/db.py: 0
[2016-05-24 10:43:29] EDIT newapp/models/db.py: 0
[2016-05-24 10:52:35] CREATE imagenController.py: 0
[2016-05-24 10:56:56] EDIT newapp/controllers/imagenController.py: 2
[2016-05-24 10:57:20] EDIT newapp/controllers/imagenController.py: 0
[2016-05-24 10:57:32] EDIT newapp/controllers/imagenController.py: 0
[2016-05-24 10:59:44] CREATE imagenController/index.html: 0
[2016-05-24 11:04:29] EDIT newapp/views/imagenController/index.html: 4
[2016-05-24 11:51:37] EDIT newapp/controllers/imagenController.py: 10
[2016-05-24 11:51:44] EDIT newapp/controllers/imagenController.py: 0
[2016-05-24 11:51:46] EDIT newapp/controllers/imagenController.py: 0
[2016-05-24 11:53:11] EDIT newapp/controllers/imagenController.py: 0
[2016-05-24 11:54:32] EDIT newapp/controllers/imagenController.py: 0
[2016-05-24 11:58:18] EDIT newapp/controllers/imagenController.py: 0
[2016-05-24 11:59:33] CREATE imagenController/show.html: 0
[2016-05-24 12:09:24] EDIT newapp/views/imagenController/show.html: 13
[2016-05-24 12:09:54] EDIT newapp/views/imagenController/show.html: 0
[2016-05-24 12:12:06] EDIT newapp/views/imagenController/show.html: 0
[2016-05-24 12:17:51] EDIT newapp/views/imagenController/show.html: 0
[2016-05-24 12:26:54] EDIT newapp/controllers/imagenController.py: 0
[2016-05-24 12:31:26] EDIT newapp/controllers/imagenController.py: 0
[2016-05-24 12:31:27] EDIT newapp/controllers/imagenController.py: 0
[2016-06-03 17:21:13] EDIT newapp/controllers/imagenController.py: -1
